<html>
<body>
<pre>
<h1>µVision Build Log</h1>
<h2>Tool Versions:</h2>
IDE-Version: µVision V5.26.2.0
Copyright (C) 2018 ARM Ltd and ARM Germany GmbH. All rights reserved.
License Information: amar koli, karmic embedded pvt ltd, LIC=----
 
Tool Versions:
Toolchain:       MDK-Lite  Version: 5.26.2.0
Toolchain Path:  C:\Keil_v5\ARM\ARMCC\Bin
C Compiler:      Armcc.exe V5.06 update 6 (build 750)
Assembler:       Armasm.exe V5.06 update 6 (build 750)
Linker/Locator:  ArmLink.exe V5.06 update 6 (build 750)
Library Manager: ArmAr.exe V5.06 update 6 (build 750)
Hex Converter:   FromElf.exe V5.06 update 6 (build 750)
CPU DLL:         SARMCM3.DLL V5.26.2.0
Dialog DLL:      DARMP1.DLL V1.27.0.0
Target DLL:      coocox-agdi.dll V???
Dialog DLL:      TARMP1.DLL V1.26.0.0
 
<h2>Project:</h2>
C:\Users\Amar\Desktop\74HC595\serialshifter.uvproj
Project File Date:  05/15/2019

<h2>Output:</h2>
*** Using Compiler 'V5.06 update 6 (build 750)', folder: 'C:\Keil_v5\ARM\ARMCC\Bin'
Rebuild target 'Target 1'
assembling startup_LPC17xx.s...
compiling main.c...
main.c(18): error:  #19: extra text after expected end of number
  		uint32_t *portaddr = (uint32_t*)(LPC_GPIO0_BASE +0x14 + 0x20 * PORT);4f
main.c(18): warning:  #174-D: expression has no effect
  		uint32_t *portaddr = (uint32_t*)(LPC_GPIO0_BASE +0x14 + 0x20 * PORT);4f
main.c(19): error:  #65: expected a ";"
  		if(choice == HIGH)
main.c(28): warning:  #12-D: parsing restarts here after previous syntax error
  	}	
main.c(18): warning:  #177-D: variable "portaddr"  was declared but never referenced
  		uint32_t *portaddr = (uint32_t*)(LPC_GPIO0_BASE +0x14 + 0x20 * PORT);4f
main.c(75): error:  #20: identifier "FFFFFFFFFFFFFFFFFFFFFFFFFFFF" is undefined
  	{	FFFFFFFFFFFFFFFFFFFFFFFFFFFF
main.c(76): error:  #65: expected a ";"
  		if(choice == HIGH)
main.c(84): warning:  #12-D: parsing restarts here after previous syntax error
  	}
main.c(88): warning:  #188-D: enumerated type mixed with another type
  		PinWrite(1,28,(*data & 0x01));
main.c(130): warning:  #1-D: last line of file ends without a newline
  	
main.c: 6 warnings, 4 errors
compiling core_cm3.c...
compiling system_LPC17xx.c...
".\Objects\serialshifter.axf" - 4 Error(s), 6 Warning(s).
Target not created.
Build Time Elapsed:  00:00:00
</pre>
</body>
</html>
